<?xml version="1.0" encoding="UTF-8"?>
<testng-results skipped="0" failed="0" ignored="0" total="1" passed="1">
  <reporter-output>
  </reporter-output>
  <suite name="Default suite" duration-ms="1255" started-at="2022-09-18T08:37:28Z" finished-at="2022-09-18T08:37:29Z">
    <groups>
    </groups>
    <test name="Default test" duration-ms="1255" started-at="2022-09-18T08:37:28Z" finished-at="2022-09-18T08:37:29Z">
      <class name="jdbc.JdbcDemo">
        <test-method status="PASS" signature="script()[pri:0, instance:jdbc.JdbcDemo@4883b407]" name="script" duration-ms="1213" started-at="2022-09-18T08:37:28Z" finished-at="2022-09-18T08:37:29Z">
          <reporter-output>
          </reporter-output>
        </test-method> <!-- script -->
      </class> <!-- jdbc.JdbcDemo -->
    </test> <!-- Default test -->
  </suite> <!-- Default suite -->
</testng-results>
