<?xml version="1.0" encoding="UTF-8"?>
<!-- Generated by org.testng.reporters.JUnitXMLReporter -->
<testsuite hostname="DESKTOP-016OGK5" ignored="0" name="Test_firefox" tests="1" failures="1" timestamp="15 Sep 2022 12:17:41 GMT" time="1.772" errors="0">
  <testcase name="excel" time="1.721" classname="Selenum.Demo35">
    <failure type="org.openqa.selenium.SessionNotCreatedException" message="session not created: No matching capabilities found
Build info: version: &amp;apos;3.141.59&amp;apos;, revision: &amp;apos;e82be7d358&amp;apos;, time: &amp;apos;2018-11-14T08:25:53&amp;apos;
System info: host: &amp;apos;DESKTOP-016OGK5&amp;apos;, ip: &amp;apos;192.168.43.140&amp;apos;, os.name: &amp;apos;Windows 10&amp;apos;, os.arch: &amp;apos;amd64&amp;apos;, os.version: &amp;apos;10.0&amp;apos;, java.version: &amp;apos;1.8.0_202&amp;apos;
Driver info: driver.version: FirefoxDriver
remote stacktrace: Backtrace:
	Ordinal0 [0x0026C0A3+2212003]
	Ordinal0 [0x00202CC1+1780929]
	Ordinal0 [0x0011465D+804445]
	Ordinal0 [0x00162F8B+1126283]
	Ordinal0 [0x001626CC+1124044]
	Ordinal0 [0x001638F5+1128693]
	Ordinal0 [0x0016373A+1128250]
	Ordinal0 [0x0015EA36+1108534]
	Ordinal0 [0x001383C9+951241]
	Ordinal0 [0x00139396+955286]
	GetHandleVerifier [0x00519CE2+2746722]
	GetHandleVerifier [0x0050A234+2682548]
	GetHandleVerifier [0x002FB34A+524234]
	GetHandleVerifier [0x002F9B60+518112]
	Ordinal0 [0x00209FBC+1810364]
	Ordinal0 [0x0020EA28+1829416]
	Ordinal0 [0x0020EB15+1829653]
	Ordinal0 [0x00218744+1869636]
	BaseThreadInitThunk [0x7736FA29+25]
	RtlGetAppContainerNamedObjectPath [0x77B17A9E+286]
	RtlGetAppContainerNamedObjectPath [0x77B17A6E+238]
	(No symbol) [0x00000000]
">
      <![CDATA[org.openqa.selenium.SessionNotCreatedException: session not created: No matching capabilities found
Build info: version: '3.141.59', revision: 'e82be7d358', time: '2018-11-14T08:25:53'
System info: host: 'DESKTOP-016OGK5', ip: '192.168.43.140', os.name: 'Windows 10', os.arch: 'amd64', os.version: '10.0', java.version: '1.8.0_202'
Driver info: driver.version: FirefoxDriver
remote stacktrace: Backtrace:
Ordinal0 [0x0026C0A3+2212003]
Ordinal0 [0x00202CC1+1780929]
Ordinal0 [0x0011465D+804445]
Ordinal0 [0x00162F8B+1126283]
Ordinal0 [0x001626CC+1124044]
Ordinal0 [0x001638F5+1128693]
Ordinal0 [0x0016373A+1128250]
Ordinal0 [0x0015EA36+1108534]
Ordinal0 [0x001383C9+951241]
Ordinal0 [0x00139396+955286]
GetHandleVerifier [0x00519CE2+2746722]
GetHandleVerifier [0x0050A234+2682548]
GetHandleVerifier [0x002FB34A+524234]
GetHandleVerifier [0x002F9B60+518112]
Ordinal0 [0x00209FBC+1810364]
Ordinal0 [0x0020EA28+1829416]
Ordinal0 [0x0020EB15+1829653]
Ordinal0 [0x00218744+1869636]
BaseThreadInitThunk [0x7736FA29+25]
RtlGetAppContainerNamedObjectPath [0x77B17A9E+286]
RtlGetAppContainerNamedObjectPath [0x77B17A6E+238]
(No symbol) [0x00000000]

at org.openqa.selenium.remote.W3CHandshakeResponse.lambda$errorHandler$0(W3CHandshakeResponse.java:62)
at org.openqa.selenium.remote.HandshakeResponse.lambda$getResponseFunction$0(HandshakeResponse.java:30)
at org.openqa.selenium.remote.ProtocolHandshake.lambda$createSession$0(ProtocolHandshake.java:126)
at java.util.stream.ReferencePipeline$3$1.accept(ReferencePipeline.java:193)
at java.util.Spliterators$ArraySpliterator.tryAdvance(Spliterators.java:958)
at java.util.stream.ReferencePipeline.forEachWithCancel(ReferencePipeline.java:126)
at java.util.stream.AbstractPipeline.copyIntoWithCancel(AbstractPipeline.java:498)
at java.util.stream.AbstractPipeline.copyInto(AbstractPipeline.java:485)
at java.util.stream.AbstractPipeline.wrapAndCopyInto(AbstractPipeline.java:471)
at java.util.stream.FindOps$FindOp.evaluateSequential(FindOps.java:152)
at java.util.stream.AbstractPipeline.evaluate(AbstractPipeline.java:234)
at java.util.stream.ReferencePipeline.findFirst(ReferencePipeline.java:464)
at org.openqa.selenium.remote.ProtocolHandshake.createSession(ProtocolHandshake.java:128)
at org.openqa.selenium.remote.ProtocolHandshake.createSession(ProtocolHandshake.java:74)
at org.openqa.selenium.remote.HttpCommandExecutor.execute(HttpCommandExecutor.java:136)
at org.openqa.selenium.remote.service.DriverCommandExecutor.execute(DriverCommandExecutor.java:83)
at org.openqa.selenium.remote.RemoteWebDriver.execute(RemoteWebDriver.java:552)
at org.openqa.selenium.remote.RemoteWebDriver.startSession(RemoteWebDriver.java:213)
at org.openqa.selenium.remote.RemoteWebDriver.<init>(RemoteWebDriver.java:131)
at org.openqa.selenium.firefox.FirefoxDriver.<init>(FirefoxDriver.java:147)
at org.openqa.selenium.firefox.FirefoxDriver.<init>(FirefoxDriver.java:125)
at Selenum.Demo35.excel(Demo35.java:19)
at java.util.concurrent.FutureTask.run(FutureTask.java:266)
at java.util.concurrent.ThreadPoolExecutor.runWorker(ThreadPoolExecutor.java:1149)
at java.util.concurrent.ThreadPoolExecutor$Worker.run(ThreadPoolExecutor.java:624)
at java.lang.Thread.run(Thread.java:748)
... Removed 20 stack frames]]>
    </failure>
  </testcase> <!-- excel -->
</testsuite> <!-- Test_firefox -->
